<?xml version="1.0" encoding="UTF-8"?>
<testsuite xmlns:xsi="http://www.w3.org/2001/XMLSchema-instance" xsi:noNamespaceSchemaLocation="https://maven.apache.org/surefire/maven-surefire-plugin/xsd/surefire-test-report.xsd" name="com.confidencedev.dao.DevBankRepoTest" time="0.034" tests="1" errors="0" skipped="1" failures="0">
  <properties>
    <property name="java.specification.version" value="17"/>
    <property name="sun.jnu.encoding" value="UTF-8"/>
    <property name="java.class.path" value="/home/confidencedev/Desktop/Projects/publish/devbank/target/test-classes:/home/confidencedev/Desktop/Projects/publish/devbank/target/classes:/home/confidencedev/.m2/repository/org/springframework/boot/spring-boot-starter-data-mongodb/2.7.0/spring-boot-starter-data-mongodb-2.7.0.jar:/home/confidencedev/.m2/repository/org/springframework/boot/spring-boot-starter/2.7.0/spring-boot-starter-2.7.0.jar:/home/confidencedev/.m2/repository/org/springframework/boot/spring-boot/2.7.0/spring-boot-2.7.0.jar:/home/confidencedev/.m2/repository/org/springframework/boot/spring-boot-autoconfigure/2.7.0/spring-boot-autoconfigure-2.7.0.jar:/home/confidencedev/.m2/repository/org/springframework/boot/spring-boot-starter-logging/2.7.0/spring-boot-starter-logging-2.7.0.jar:/home/confidencedev/.m2/repository/ch/qos/logback/logback-classic/1.2.11/logback-classic-1.2.11.jar:/home/confidencedev/.m2/repository/ch/qos/logback/logback-core/1.2.11/logback-core-1.2.11.jar:/home/confidencedev/.m2/repository/org/apache/logging/log4j/log4j-to-slf4j/2.17.2/log4j-to-slf4j-2.17.2.jar:/home/confidencedev/.m2/repository/org/apache/logging/log4j/log4j-api/2.17.2/log4j-api-2.17.2.jar:/home/confidencedev/.m2/repository/org/slf4j/jul-to-slf4j/1.7.36/jul-to-slf4j-1.7.36.jar:/home/confidencedev/.m2/repository/jakarta/annotation/jakarta.annotation-api/1.3.5/jakarta.annotation-api-1.3.5.jar:/home/confidencedev/.m2/repository/org/yaml/snakeyaml/1.30/snakeyaml-1.30.jar:/home/confidencedev/.m2/repository/org/mongodb/mongodb-driver-sync/4.6.0/mongodb-driver-sync-4.6.0.jar:/home/confidencedev/.m2/repository/org/mongodb/bson/4.6.0/bson-4.6.0.jar:/home/confidencedev/.m2/repository/org/mongodb/mongodb-driver-core/4.6.0/mongodb-driver-core-4.6.0.jar:/home/confidencedev/.m2/repository/org/mongodb/bson-record-codec/4.6.0/bson-record-codec-4.6.0.jar:/home/confidencedev/.m2/repository/org/springframework/data/spring-data-mongodb/3.4.0/spring-data-mongodb-3.4.0.jar:/home/confidencedev/.m2/repository/org/springframework/spring-tx/5.3.20/spring-tx-5.3.20.jar:/home/confidencedev/.m2/repository/org/springframework/spring-context/5.3.20/spring-context-5.3.20.jar:/home/confidencedev/.m2/repository/org/springframework/spring-beans/5.3.20/spring-beans-5.3.20.jar:/home/confidencedev/.m2/repository/org/springframework/spring-expression/5.3.20/spring-expression-5.3.20.jar:/home/confidencedev/.m2/repository/org/springframework/data/spring-data-commons/2.7.0/spring-data-commons-2.7.0.jar:/home/confidencedev/.m2/repository/org/slf4j/slf4j-api/1.7.36/slf4j-api-1.7.36.jar:/home/confidencedev/.m2/repository/org/springframework/boot/spring-boot-starter-web/2.7.0/spring-boot-starter-web-2.7.0.jar:/home/confidencedev/.m2/repository/org/springframework/boot/spring-boot-starter-json/2.7.0/spring-boot-starter-json-2.7.0.jar:/home/confidencedev/.m2/repository/com/fasterxml/jackson/core/jackson-databind/2.13.3/jackson-databind-2.13.3.jar:/home/confidencedev/.m2/repository/com/fasterxml/jackson/core/jackson-annotations/2.13.3/jackson-annotations-2.13.3.jar:/home/confidencedev/.m2/repository/com/fasterxml/jackson/core/jackson-core/2.13.3/jackson-core-2.13.3.jar:/home/confidencedev/.m2/repository/com/fasterxml/jackson/datatype/jackson-datatype-jdk8/2.13.3/jackson-datatype-jdk8-2.13.3.jar:/home/confidencedev/.m2/repository/com/fasterxml/jackson/datatype/jackson-datatype-jsr310/2.13.3/jackson-datatype-jsr310-2.13.3.jar:/home/confidencedev/.m2/repository/com/fasterxml/jackson/module/jackson-module-parameter-names/2.13.3/jackson-module-parameter-names-2.13.3.jar:/home/confidencedev/.m2/repository/org/springframework/boot/spring-boot-starter-tomcat/2.7.0/spring-boot-starter-tomcat-2.7.0.jar:/home/confidencedev/.m2/repository/org/apache/tomcat/embed/tomcat-embed-core/9.0.63/tomcat-embed-core-9.0.63.jar:/home/confidencedev/.m2/repository/org/apache/tomcat/embed/tomcat-embed-el/9.0.63/tomcat-embed-el-9.0.63.jar:/home/confidencedev/.m2/repository/org/apache/tomcat/embed/tomcat-embed-websocket/9.0.63/tomcat-embed-websocket-9.0.63.jar:/home/confidencedev/.m2/repository/org/springframework/spring-web/5.3.20/spring-web-5.3.20.jar:/home/confidencedev/.m2/repository/org/springframework/spring-webmvc/5.3.20/spring-webmvc-5.3.20.jar:/home/confidencedev/.m2/repository/org/springframework/spring-aop/5.3.20/spring-aop-5.3.20.jar:/home/confidencedev/.m2/repository/org/projectlombok/lombok/1.18.24/lombok-1.18.24.jar:/home/confidencedev/.m2/repository/org/springframework/boot/spring-boot-starter-test/2.7.0/spring-boot-starter-test-2.7.0.jar:/home/confidencedev/.m2/repository/org/springframework/boot/spring-boot-test/2.7.0/spring-boot-test-2.7.0.jar:/home/confidencedev/.m2/repository/org/springframework/boot/spring-boot-test-autoconfigure/2.7.0/spring-boot-test-autoconfigure-2.7.0.jar:/home/confidencedev/.m2/repository/com/jayway/jsonpath/json-path/2.7.0/json-path-2.7.0.jar:/home/confidencedev/.m2/repository/net/minidev/json-smart/2.4.8/json-smart-2.4.8.jar:/home/confidencedev/.m2/repository/net/minidev/accessors-smart/2.4.8/accessors-smart-2.4.8.jar:/home/confidencedev/.m2/repository/org/ow2/asm/asm/9.1/asm-9.1.jar:/home/confidencedev/.m2/repository/jakarta/xml/bind/jakarta.xml.bind-api/2.3.3/jakarta.xml.bind-api-2.3.3.jar:/home/confidencedev/.m2/repository/jakarta/activation/jakarta.activation-api/1.2.2/jakarta.activation-api-1.2.2.jar:/home/confidencedev/.m2/repository/org/assertj/assertj-core/3.22.0/assertj-core-3.22.0.jar:/home/confidencedev/.m2/repository/org/hamcrest/hamcrest/2.2/hamcrest-2.2.jar:/home/confidencedev/.m2/repository/org/junit/jupiter/junit-jupiter/5.8.2/junit-jupiter-5.8.2.jar:/home/confidencedev/.m2/repository/org/junit/jupiter/junit-jupiter-api/5.8.2/junit-jupiter-api-5.8.2.jar:/home/confidencedev/.m2/repository/org/opentest4j/opentest4j/1.2.0/opentest4j-1.2.0.jar:/home/confidencedev/.m2/repository/org/junit/platform/junit-platform-commons/1.8.2/junit-platform-commons-1.8.2.jar:/home/confidencedev/.m2/repository/org/apiguardian/apiguardian-api/1.1.2/apiguardian-api-1.1.2.jar:/home/confidencedev/.m2/repository/org/junit/jupiter/junit-jupiter-params/5.8.2/junit-jupiter-params-5.8.2.jar:/home/confidencedev/.m2/repository/org/junit/jupiter/junit-jupiter-engine/5.8.2/junit-jupiter-engine-5.8.2.jar:/home/confidencedev/.m2/repository/org/junit/platform/junit-platform-engine/1.8.2/junit-platform-engine-1.8.2.jar:/home/confidencedev/.m2/repository/org/mockito/mockito-core/4.5.1/mockito-core-4.5.1.jar:/home/confidencedev/.m2/repository/net/bytebuddy/byte-buddy/1.12.10/byte-buddy-1.12.10.jar:/home/confidencedev/.m2/repository/net/bytebuddy/byte-buddy-agent/1.12.10/byte-buddy-agent-1.12.10.jar:/home/confidencedev/.m2/repository/org/objenesis/objenesis/3.2/objenesis-3.2.jar:/home/confidencedev/.m2/repository/org/mockito/mockito-junit-jupiter/4.5.1/mockito-junit-jupiter-4.5.1.jar:/home/confidencedev/.m2/repository/org/skyscreamer/jsonassert/1.5.0/jsonassert-1.5.0.jar:/home/confidencedev/.m2/repository/com/vaadin/external/google/android-json/0.0.20131108.vaadin1/android-json-0.0.20131108.vaadin1.jar:/home/confidencedev/.m2/repository/org/springframework/spring-core/5.3.20/spring-core-5.3.20.jar:/home/confidencedev/.m2/repository/org/springframework/spring-jcl/5.3.20/spring-jcl-5.3.20.jar:/home/confidencedev/.m2/repository/org/springframework/spring-test/5.3.20/spring-test-5.3.20.jar:/home/confidencedev/.m2/repository/org/xmlunit/xmlunit-core/2.9.0/xmlunit-core-2.9.0.jar:"/>
    <property name="java.vm.vendor" value="Private Build"/>
    <property name="sun.arch.data.model" value="64"/>
    <property name="java.vendor.url" value="Unknown"/>
    <property name="os.name" value="Linux"/>
    <property name="java.vm.specification.version" value="17"/>
    <property name="sun.java.launcher" value="SUN_STANDARD"/>
    <property name="user.country" value="US"/>
    <property name="sun.boot.library.path" value="/usr/lib/jvm/java-17-openjdk-amd64/lib"/>
    <property name="sun.java.command" value="/home/confidencedev/Desktop/Projects/publish/devbank/target/surefire/surefirebooter65266261781483820.jar /home/confidencedev/Desktop/Projects/publish/devbank/target/surefire 2022-07-05T22-31-09_195-jvmRun1 surefire17926510315652171975tmp surefire_09194873619586201673tmp"/>
    <property name="jdk.debug" value="release"/>
    <property name="surefire.test.class.path" value="/home/confidencedev/Desktop/Projects/publish/devbank/target/test-classes:/home/confidencedev/Desktop/Projects/publish/devbank/target/classes:/home/confidencedev/.m2/repository/org/springframework/boot/spring-boot-starter-data-mongodb/2.7.0/spring-boot-starter-data-mongodb-2.7.0.jar:/home/confidencedev/.m2/repository/org/springframework/boot/spring-boot-starter/2.7.0/spring-boot-starter-2.7.0.jar:/home/confidencedev/.m2/repository/org/springframework/boot/spring-boot/2.7.0/spring-boot-2.7.0.jar:/home/confidencedev/.m2/repository/org/springframework/boot/spring-boot-autoconfigure/2.7.0/spring-boot-autoconfigure-2.7.0.jar:/home/confidencedev/.m2/repository/org/springframework/boot/spring-boot-starter-logging/2.7.0/spring-boot-starter-logging-2.7.0.jar:/home/confidencedev/.m2/repository/ch/qos/logback/logback-classic/1.2.11/logback-classic-1.2.11.jar:/home/confidencedev/.m2/repository/ch/qos/logback/logback-core/1.2.11/logback-core-1.2.11.jar:/home/confidencedev/.m2/repository/org/apache/logging/log4j/log4j-to-slf4j/2.17.2/log4j-to-slf4j-2.17.2.jar:/home/confidencedev/.m2/repository/org/apache/logging/log4j/log4j-api/2.17.2/log4j-api-2.17.2.jar:/home/confidencedev/.m2/repository/org/slf4j/jul-to-slf4j/1.7.36/jul-to-slf4j-1.7.36.jar:/home/confidencedev/.m2/repository/jakarta/annotation/jakarta.annotation-api/1.3.5/jakarta.annotation-api-1.3.5.jar:/home/confidencedev/.m2/repository/org/yaml/snakeyaml/1.30/snakeyaml-1.30.jar:/home/confidencedev/.m2/repository/org/mongodb/mongodb-driver-sync/4.6.0/mongodb-driver-sync-4.6.0.jar:/home/confidencedev/.m2/repository/org/mongodb/bson/4.6.0/bson-4.6.0.jar:/home/confidencedev/.m2/repository/org/mongodb/mongodb-driver-core/4.6.0/mongodb-driver-core-4.6.0.jar:/home/confidencedev/.m2/repository/org/mongodb/bson-record-codec/4.6.0/bson-record-codec-4.6.0.jar:/home/confidencedev/.m2/repository/org/springframework/data/spring-data-mongodb/3.4.0/spring-data-mongodb-3.4.0.jar:/home/confidencedev/.m2/repository/org/springframework/spring-tx/5.3.20/spring-tx-5.3.20.jar:/home/confidencedev/.m2/repository/org/springframework/spring-context/5.3.20/spring-context-5.3.20.jar:/home/confidencedev/.m2/repository/org/springframework/spring-beans/5.3.20/spring-beans-5.3.20.jar:/home/confidencedev/.m2/repository/org/springframework/spring-expression/5.3.20/spring-expression-5.3.20.jar:/home/confidencedev/.m2/repository/org/springframework/data/spring-data-commons/2.7.0/spring-data-commons-2.7.0.jar:/home/confidencedev/.m2/repository/org/slf4j/slf4j-api/1.7.36/slf4j-api-1.7.36.jar:/home/confidencedev/.m2/repository/org/springframework/boot/spring-boot-starter-web/2.7.0/spring-boot-starter-web-2.7.0.jar:/home/confidencedev/.m2/repository/org/springframework/boot/spring-boot-starter-json/2.7.0/spring-boot-starter-json-2.7.0.jar:/home/confidencedev/.m2/repository/com/fasterxml/jackson/core/jackson-databind/2.13.3/jackson-databind-2.13.3.jar:/home/confidencedev/.m2/repository/com/fasterxml/jackson/core/jackson-annotations/2.13.3/jackson-annotations-2.13.3.jar:/home/confidencedev/.m2/repository/com/fasterxml/jackson/core/jackson-core/2.13.3/jackson-core-2.13.3.jar:/home/confidencedev/.m2/repository/com/fasterxml/jackson/datatype/jackson-datatype-jdk8/2.13.3/jackson-datatype-jdk8-2.13.3.jar:/home/confidencedev/.m2/repository/com/fasterxml/jackson/datatype/jackson-datatype-jsr310/2.13.3/jackson-datatype-jsr310-2.13.3.jar:/home/confidencedev/.m2/repository/com/fasterxml/jackson/module/jackson-module-parameter-names/2.13.3/jackson-module-parameter-names-2.13.3.jar:/home/confidencedev/.m2/repository/org/springframework/boot/spring-boot-starter-tomcat/2.7.0/spring-boot-starter-tomcat-2.7.0.jar:/home/confidencedev/.m2/repository/org/apache/tomcat/embed/tomcat-embed-core/9.0.63/tomcat-embed-core-9.0.63.jar:/home/confidencedev/.m2/repository/org/apache/tomcat/embed/tomcat-embed-el/9.0.63/tomcat-embed-el-9.0.63.jar:/home/confidencedev/.m2/repository/org/apache/tomcat/embed/tomcat-embed-websocket/9.0.63/tomcat-embed-websocket-9.0.63.jar:/home/confidencedev/.m2/repository/org/springframework/spring-web/5.3.20/spring-web-5.3.20.jar:/home/confidencedev/.m2/repository/org/springframework/spring-webmvc/5.3.20/spring-webmvc-5.3.20.jar:/home/confidencedev/.m2/repository/org/springframework/spring-aop/5.3.20/spring-aop-5.3.20.jar:/home/confidencedev/.m2/repository/org/projectlombok/lombok/1.18.24/lombok-1.18.24.jar:/home/confidencedev/.m2/repository/org/springframework/boot/spring-boot-starter-test/2.7.0/spring-boot-starter-test-2.7.0.jar:/home/confidencedev/.m2/repository/org/springframework/boot/spring-boot-test/2.7.0/spring-boot-test-2.7.0.jar:/home/confidencedev/.m2/repository/org/springframework/boot/spring-boot-test-autoconfigure/2.7.0/spring-boot-test-autoconfigure-2.7.0.jar:/home/confidencedev/.m2/repository/com/jayway/jsonpath/json-path/2.7.0/json-path-2.7.0.jar:/home/confidencedev/.m2/repository/net/minidev/json-smart/2.4.8/json-smart-2.4.8.jar:/home/confidencedev/.m2/repository/net/minidev/accessors-smart/2.4.8/accessors-smart-2.4.8.jar:/home/confidencedev/.m2/repository/org/ow2/asm/asm/9.1/asm-9.1.jar:/home/confidencedev/.m2/repository/jakarta/xml/bind/jakarta.xml.bind-api/2.3.3/jakarta.xml.bind-api-2.3.3.jar:/home/confidencedev/.m2/repository/jakarta/activation/jakarta.activation-api/1.2.2/jakarta.activation-api-1.2.2.jar:/home/confidencedev/.m2/repository/org/assertj/assertj-core/3.22.0/assertj-core-3.22.0.jar:/home/confidencedev/.m2/repository/org/hamcrest/hamcrest/2.2/hamcrest-2.2.jar:/home/confidencedev/.m2/repository/org/junit/jupiter/junit-jupiter/5.8.2/junit-jupiter-5.8.2.jar:/home/confidencedev/.m2/repository/org/junit/jupiter/junit-jupiter-api/5.8.2/junit-jupiter-api-5.8.2.jar:/home/confidencedev/.m2/repository/org/opentest4j/opentest4j/1.2.0/opentest4j-1.2.0.jar:/home/confidencedev/.m2/repository/org/junit/platform/junit-platform-commons/1.8.2/junit-platform-commons-1.8.2.jar:/home/confidencedev/.m2/repository/org/apiguardian/apiguardian-api/1.1.2/apiguardian-api-1.1.2.jar:/home/confidencedev/.m2/repository/org/junit/jupiter/junit-jupiter-params/5.8.2/junit-jupiter-params-5.8.2.jar:/home/confidencedev/.m2/repository/org/junit/jupiter/junit-jupiter-engine/5.8.2/junit-jupiter-engine-5.8.2.jar:/home/confidencedev/.m2/repository/org/junit/platform/junit-platform-engine/1.8.2/junit-platform-engine-1.8.2.jar:/home/confidencedev/.m2/repository/org/mockito/mockito-core/4.5.1/mockito-core-4.5.1.jar:/home/confidencedev/.m2/repository/net/bytebuddy/byte-buddy/1.12.10/byte-buddy-1.12.10.jar:/home/confidencedev/.m2/repository/net/bytebuddy/byte-buddy-agent/1.12.10/byte-buddy-agent-1.12.10.jar:/home/confidencedev/.m2/repository/org/objenesis/objenesis/3.2/objenesis-3.2.jar:/home/confidencedev/.m2/repository/org/mockito/mockito-junit-jupiter/4.5.1/mockito-junit-jupiter-4.5.1.jar:/home/confidencedev/.m2/repository/org/skyscreamer/jsonassert/1.5.0/jsonassert-1.5.0.jar:/home/confidencedev/.m2/repository/com/vaadin/external/google/android-json/0.0.20131108.vaadin1/android-json-0.0.20131108.vaadin1.jar:/home/confidencedev/.m2/repository/org/springframework/spring-core/5.3.20/spring-core-5.3.20.jar:/home/confidencedev/.m2/repository/org/springframework/spring-jcl/5.3.20/spring-jcl-5.3.20.jar:/home/confidencedev/.m2/repository/org/springframework/spring-test/5.3.20/spring-test-5.3.20.jar:/home/confidencedev/.m2/repository/org/xmlunit/xmlunit-core/2.9.0/xmlunit-core-2.9.0.jar:"/>
    <property name="sun.cpu.endian" value="little"/>
    <property name="user.home" value="/home/confidencedev"/>
    <property name="user.language" value="en"/>
    <property name="java.specification.vendor" value="Oracle Corporation"/>
    <property name="java.version.date" value="2022-04-19"/>
    <property name="java.home" value="/usr/lib/jvm/java-17-openjdk-amd64"/>
    <property name="file.separator" value="/"/>
    <property name="basedir" value="/home/confidencedev/Desktop/Projects/publish/devbank"/>
    <property name="java.vm.compressedOopsMode" value="Zero based"/>
    <property name="line.separator" value="&#10;"/>
    <property name="java.vm.specification.vendor" value="Oracle Corporation"/>
    <property name="java.specification.name" value="Java Platform API Specification"/>
    <property name="surefire.real.class.path" value="/home/confidencedev/Desktop/Projects/publish/devbank/target/surefire/surefirebooter65266261781483820.jar"/>
    <property name="sun.management.compiler" value="HotSpot 64-Bit Tiered Compilers"/>
    <property name="java.runtime.version" value="17.0.3+7-Ubuntu-0ubuntu0.20.04.1"/>
    <property name="user.name" value="confidencedev"/>
    <property name="path.separator" value=":"/>
    <property name="os.version" value="5.13.0-41-generic"/>
    <property name="java.runtime.name" value="OpenJDK Runtime Environment"/>
    <property name="file.encoding" value="UTF-8"/>
    <property name="java.vm.name" value="OpenJDK 64-Bit Server VM"/>
    <property name="localRepository" value="/home/confidencedev/.m2/repository"/>
    <property name="java.vendor.url.bug" value="Unknown"/>
    <property name="java.io.tmpdir" value="/tmp"/>
    <property name="idea.version" value="2022.1.2"/>
    <property name="java.version" value="17.0.3"/>
    <property name="user.dir" value="/home/confidencedev/Desktop/Projects/publish/devbank"/>
    <property name="os.arch" value="amd64"/>
    <property name="java.vm.specification.name" value="Java Virtual Machine Specification"/>
    <property name="native.encoding" value="UTF-8"/>
    <property name="java.library.path" value="/usr/java/packages/lib:/usr/lib/x86_64-linux-gnu/jni:/lib/x86_64-linux-gnu:/usr/lib/x86_64-linux-gnu:/usr/lib/jni:/lib:/usr/lib"/>
    <property name="java.vm.info" value="mixed mode, sharing"/>
    <property name="java.vendor" value="Private Build"/>
    <property name="java.vm.version" value="17.0.3+7-Ubuntu-0ubuntu0.20.04.1"/>
    <property name="sun.io.unicode.encoding" value="UnicodeLittle"/>
    <property name="java.class.version" value="61.0"/>
  </properties>
  <testcase name="itShouldFindDevBankByEmail" classname="com.confidencedev.dao.DevBankRepoTest" time="0">
    <skipped message="void com.confidencedev.dao.DevBankRepoTest.itShouldFindDevBankByEmail() is @Disabled"/>
  </testcase>
</testsuite>